Aug-05 11:35:19.212 [main] DEBUG nextflow.cli.Launcher - $> nextflow -quiet -log /mnt/archive/work/slowney/IDT-NextflowComponents-PoC/.nf-test/tests/2fb9d28a2d10dcd9c20866507e3d3df8/meta/nextflow.log run /mnt/archive/work/slowney/IDT-NextflowComponents-PoC/.nf-test-2fb9d28a2d10dcd9c20866507e3d3df8.nf -c /mnt/archive/work/slowney/IDT-NextflowComponents-PoC/tests/config/nf-test.config -params-file /mnt/archive/work/slowney/IDT-NextflowComponents-PoC/.nf-test/tests/2fb9d28a2d10dcd9c20866507e3d3df8/meta/params.json -ansi-log false -profile conda -with-trace /mnt/archive/work/slowney/IDT-NextflowComponents-PoC/.nf-test/tests/2fb9d28a2d10dcd9c20866507e3d3df8/meta/trace.csv -w /mnt/archive/work/slowney/IDT-NextflowComponents-PoC/.nf-test/tests/2fb9d28a2d10dcd9c20866507e3d3df8/work
Aug-05 11:35:19.283 [main] INFO  nextflow.cli.CmdRun - N E X T F L O W  ~  version 24.04.3
Aug-05 11:35:19.300 [main] DEBUG nextflow.plugin.PluginsFacade - Setting up plugin manager > mode=prod; embedded=false; plugins-dir=/home/slowney/.nextflow/plugins; core-plugins: nf-amazon@2.5.2,nf-azure@1.6.0,nf-cloudcache@0.4.1,nf-codecommit@0.2.0,nf-console@1.1.3,nf-ga4gh@1.3.0,nf-google@1.13.2-patch1,nf-tower@1.9.1,nf-wave@1.4.2
Aug-05 11:35:19.314 [main] INFO  o.pf4j.DefaultPluginStatusProvider - Enabled plugins: []
Aug-05 11:35:19.315 [main] INFO  o.pf4j.DefaultPluginStatusProvider - Disabled plugins: []
Aug-05 11:35:19.319 [main] INFO  org.pf4j.DefaultPluginManager - PF4J version 3.10.0 in 'deployment' mode
Aug-05 11:35:19.331 [main] INFO  org.pf4j.AbstractPluginManager - No plugins
Aug-05 11:35:19.355 [main] DEBUG nextflow.config.ConfigBuilder - User config file: /mnt/archive/work/slowney/IDT-NextflowComponents-PoC/tests/config/nf-test.config
Aug-05 11:35:19.357 [main] DEBUG nextflow.config.ConfigBuilder - Parsing config file: /mnt/archive/work/slowney/IDT-NextflowComponents-PoC/tests/config/nf-test.config
Aug-05 11:35:19.383 [main] DEBUG n.secret.LocalSecretsProvider - Secrets store: /home/slowney/.nextflow/secrets/store.json
Aug-05 11:35:19.386 [main] DEBUG nextflow.secret.SecretsLoader - Discovered secrets providers: [nextflow.secret.LocalSecretsProvider@4bd2f0dc] - activable => nextflow.secret.LocalSecretsProvider@4bd2f0dc
Aug-05 11:35:19.433 [main] DEBUG nextflow.config.ConfigBuilder - Applying config profile: `conda`
Aug-05 11:35:20.908 [main] DEBUG nextflow.config.ConfigBuilder - Available config profiles: [mamba, docker_self_hosted, conda, singularity, podman, docker]
Aug-05 11:35:20.946 [main] DEBUG nextflow.cli.CmdRun - Applied DSL=2 from script declaration
Aug-05 11:35:20.960 [main] INFO  nextflow.cli.CmdRun - Launching `/mnt/archive/work/slowney/IDT-NextflowComponents-PoC/.nf-test-2fb9d28a2d10dcd9c20866507e3d3df8.nf` [goofy_meucci] DSL2 - revision: a59bf5e223
Aug-05 11:35:20.961 [main] DEBUG nextflow.plugin.PluginsFacade - Plugins default=[]
Aug-05 11:35:20.962 [main] DEBUG nextflow.plugin.PluginsFacade - Plugins resolved requirement=[]
Aug-05 11:35:21.009 [main] DEBUG nextflow.Session - Session UUID: f927b83f-cbb1-4cf7-bc86-2a54c75ff8f1
Aug-05 11:35:21.010 [main] DEBUG nextflow.Session - Run name: goofy_meucci
Aug-05 11:35:21.011 [main] DEBUG nextflow.Session - Executor pool size: 96
Aug-05 11:35:21.018 [main] DEBUG nextflow.file.FilePorter - File porter settings maxRetries=3; maxTransfers=50; pollTimeout=null
Aug-05 11:35:21.022 [main] DEBUG nextflow.util.ThreadPoolBuilder - Creating thread pool 'FileTransfer' minSize=10; maxSize=288; workQueue=LinkedBlockingQueue[10000]; allowCoreThreadTimeout=false
Aug-05 11:35:21.041 [main] DEBUG nextflow.cli.CmdRun - 
  Version: 24.04.3 build 5916
  Created: 09-07-2024 19:35 UTC (14:35 CDT)
  System: Linux 4.18.0-513.24.1.el8_9.x86_64
  Runtime: Groovy 4.0.21 on OpenJDK 64-Bit Server VM 17.0.11-internal+0-adhoc..src
  Encoding: UTF-8 (UTF-8)
  Process: 2569843@CorHPC07 [10.1.22.55]
  CPUs: 96 - Mem: 376.5 GB (301.1 GB) - Swap: 2 GB (2 GB)
Aug-05 11:35:21.068 [main] DEBUG nextflow.Session - Work-dir: /mnt/archive/work/slowney/IDT-NextflowComponents-PoC/.nf-test/tests/2fb9d28a2d10dcd9c20866507e3d3df8/work [nfs]
Aug-05 11:35:21.069 [main] DEBUG nextflow.Session - Script base path does not exist or is not a directory: /mnt/archive/work/slowney/IDT-NextflowComponents-PoC/bin
Aug-05 11:35:21.078 [main] DEBUG nextflow.executor.ExecutorFactory - Extension executors providers=[]
Aug-05 11:35:21.085 [main] DEBUG nextflow.Session - Observer factory: DefaultObserverFactory
Aug-05 11:35:21.111 [main] DEBUG nextflow.cache.CacheFactory - Using Nextflow cache factory: nextflow.cache.DefaultCacheFactory
Aug-05 11:35:21.119 [main] DEBUG nextflow.util.CustomThreadPool - Creating default thread pool > poolSize: 97; maxThreads: 1000
Aug-05 11:35:21.197 [main] DEBUG nextflow.Session - Session start
Aug-05 11:35:21.198 [main] DEBUG nextflow.trace.TraceFileObserver - Workflow started -- trace file: /mnt/archive/work/slowney/IDT-NextflowComponents-PoC/.nf-test/tests/2fb9d28a2d10dcd9c20866507e3d3df8/meta/trace.csv
Aug-05 11:35:21.273 [main] DEBUG nextflow.script.ScriptRunner - Parsed script files:
Aug-05 11:35:21.279 [main] ERROR nextflow.cli.Launcher - Script compilation error
- file : /mnt/archive/work/slowney/IDT-NextflowComponents-PoC/.nf-test-2fb9d28a2d10dcd9c20866507e3d3df8.nf
- cause: Unexpected input: '{' @ line 23, column 10.
   workflow {
            ^

1 error

NOTE: If this is the beginning of a process or workflow, there may be a syntax error in the body, such as a missing or extra comma, for which a more specific error message could not be produced.
nextflow.exception.ScriptCompilationException: Script compilation error
- file : /mnt/archive/work/slowney/IDT-NextflowComponents-PoC/.nf-test-2fb9d28a2d10dcd9c20866507e3d3df8.nf
- cause: Unexpected input: '{' @ line 23, column 10.
   workflow {
            ^

1 error

NOTE: If this is the beginning of a process or workflow, there may be a syntax error in the body, such as a missing or extra comma, for which a more specific error message could not be produced.
	at nextflow.script.ScriptParser.parse0(ScriptParser.groovy:196)
	at nextflow.script.ScriptParser.parse(ScriptParser.groovy:206)
	at nextflow.script.ScriptRunner.parseScript(ScriptRunner.groovy:229)
	at nextflow.script.ScriptRunner.execute(ScriptRunner.groovy:136)
	at nextflow.cli.CmdRun.run(CmdRun.groovy:372)
	at nextflow.cli.Launcher.run(Launcher.groovy:503)
	at nextflow.cli.Launcher.main(Launcher.groovy:657)
Caused by: org.codehaus.groovy.control.MultipleCompilationErrorsException: startup failed:
Script_0b6626ab3e683939: 23: Unexpected input: '{' @ line 23, column 10.
   workflow {
            ^

1 error

	at org.codehaus.groovy.control.ErrorCollector.failIfErrors(ErrorCollector.java:292)
	at org.codehaus.groovy.control.ErrorCollector.addFatalError(ErrorCollector.java:148)
	at org.apache.groovy.parser.antlr4.AstBuilder.collectSyntaxError(AstBuilder.java:4753)
	at org.apache.groovy.parser.antlr4.AstBuilder.access$100(AstBuilder.java:169)
	at org.apache.groovy.parser.antlr4.AstBuilder$3.syntaxError(AstBuilder.java:4764)
	at groovyjarjarantlr4.v4.runtime.ProxyErrorListener.syntaxError(ProxyErrorListener.java:44)
	at groovyjarjarantlr4.v4.runtime.Parser.notifyErrorListeners(Parser.java:543)
	at groovyjarjarantlr4.v4.runtime.DefaultErrorStrategy.notifyErrorListeners(DefaultErrorStrategy.java:154)
	at org.apache.groovy.parser.antlr4.internal.DescriptiveErrorStrategy.reportInputMismatch(DescriptiveErrorStrategy.java:104)
	at org.apache.groovy.parser.antlr4.internal.DescriptiveErrorStrategy.recover(DescriptiveErrorStrategy.java:55)
	at org.apache.groovy.parser.antlr4.internal.DescriptiveErrorStrategy.recoverInline(DescriptiveErrorStrategy.java:68)
	at groovyjarjarantlr4.v4.runtime.Parser.match(Parser.java:213)
	at org.apache.groovy.parser.antlr4.GroovyParser.compilationUnit(GroovyParser.java:368)
	at org.apache.groovy.parser.antlr4.AstBuilder.buildCST(AstBuilder.java:243)
	at org.apache.groovy.parser.antlr4.AstBuilder.buildCST(AstBuilder.java:221)
	at org.apache.groovy.parser.antlr4.AstBuilder.buildAST(AstBuilder.java:262)
	at org.apache.groovy.parser.antlr4.Antlr4ParserPlugin.buildAST(Antlr4ParserPlugin.java:58)
	at org.codehaus.groovy.control.SourceUnit.buildAST(SourceUnit.java:256)
	at java.base/java.util.Iterator.forEachRemaining(Iterator.java:133)
	at java.base/java.util.Spliterators$IteratorSpliterator.forEachRemaining(Spliterators.java:1845)
	at java.base/java.util.stream.ReferencePipeline$Head.forEach(ReferencePipeline.java:762)
	at org.codehaus.groovy.control.CompilationUnit.compile(CompilationUnit.java:663)
	at groovy.lang.GroovyClassLoader.doParseClass(GroovyClassLoader.java:373)
	at groovy.lang.GroovyClassLoader.lambda$parseClass$2(GroovyClassLoader.java:316)
	at org.codehaus.groovy.runtime.memoize.StampedCommonCache.compute(StampedCommonCache.java:163)
	at org.codehaus.groovy.runtime.memoize.StampedCommonCache.getAndPut(StampedCommonCache.java:154)
	at groovy.lang.GroovyClassLoader.parseClass(GroovyClassLoader.java:314)
	at groovy.lang.GroovyShell.parseClass(GroovyShell.java:572)
	at groovy.lang.GroovyShell.parse(GroovyShell.java:585)
	at groovy.lang.GroovyShell.parse(GroovyShell.java:639)
	at groovy.lang.GroovyShell.parse(GroovyShell.java:643)
	at nextflow.script.ScriptParser.parse0(ScriptParser.groovy:175)
	... 6 common frames omitted
